<?xml version="1.0" encoding="UTF-8"?>
<!-- Generated by org.testng.reporters.JUnitReportReporter -->
<testsuite name="jenkinsTrial.jenkinsTrial.JenkinsGoogle" tests="2" time="18.356" ignored="0" failures="0" timestamp="06 Aug 2020 02:38:50 GMT" skipped="0" hostname="LAPTOP-JVNL5G83" errors="0">
  <testcase name="searchInput" time="10.398" classname="jenkinsTrial.jenkinsTrial.JenkinsGoogle"/>
  <testcase name="googleTitle" time="7.958" classname="jenkinsTrial.jenkinsTrial.JenkinsGoogle"/>
</testsuite> <!-- jenkinsTrial.jenkinsTrial.JenkinsGoogle -->
